<?xml version="1.0" encoding="UTF-8"?>
<!-- Generated by org.testng.reporters.JUnitXMLReporter -->
<testsuite ignored="0" hostname="LAPTOP-4NT7G6BM" failures="0" tests="4" name="EndToEndTests" time="4.35" errors="0" timestamp="2025-06-07T12:24:27 IST">
  <testcase classname="com.seleniumtest.DynamiJsonHandling.DynamicJson" name="addABook" time="2.773"/>
  <testcase classname="com.seleniumtest.DynamiJsonHandling.DynamicJson" name="getBookByID" time="0.391"/>
  <testcase classname="com.seleniumtest.DynamiJsonHandling.DynamicJson" name="deleteBook" time="0.289"/>
  <testcase classname="com.seleniumtest.DynamiJsonHandling.DynamicJson" name="getBookByAuthorsName" time="0.83"/>
</testsuite> <!-- EndToEndTests -->
