<?xml version="1.0" encoding="UTF-8"?>
<testng-results ignored="0" total="3" passed="3" failed="0" skipped="0">
  <reporter-output>
  </reporter-output>
  <suite started-at="2025-06-07T23:26:31 IST" name="Surefire suite" finished-at="2025-06-07T23:26:37 IST" duration-ms="5205">
    <groups>
      <group name="cucumber">
        <method signature="AbstractTestNGCucumberTests.runScenario(io.cucumber.testng.PickleWrapper,io.cucumber.testng.FeatureWrapper)[pri:0, instance:com.BDD.cucumber.Options.TestRunner@12b0404f]" name="runScenario" class="io.cucumber.testng.AbstractTestNGCucumberTests"/>
      </group> <!-- cucumber -->
    </groups>
    <test started-at="2025-06-07T23:26:31 IST" name="Surefire test" finished-at="2025-06-07T23:26:37 IST" duration-ms="5205">
      <class name="com.BDD.cucumber.Options.TestRunner">
        <test-method is-config="true" signature="setUpClass(org.testng.ITestContext)[pri:0, instance:com.BDD.cucumber.Options.TestRunner@12b0404f]" started-at="2025-06-07T23:26:31 IST" name="setUpClass" finished-at="2025-06-07T23:26:32 IST" duration-ms="238" status="PASS">
          <params>
            <param index="0">
              <value>
                <![CDATA[org.testng.TestRunner@7c9beb51]]>
              </value>
            </param>
          </params>
          <reporter-output>
          </reporter-output>
        </test-method> <!-- setUpClass -->
        <test-method signature="runScenario(io.cucumber.testng.PickleWrapper,io.cucumber.testng.FeatureWrapper)[pri:0, instance:com.BDD.cucumber.Options.TestRunner@12b0404f]" started-at="2025-06-07T23:26:32 IST" name="runScenario" description="Runs Cucumber Scenarios" data-provider="scenarios" finished-at="2025-06-07T23:26:35 IST" duration-ms="3018" status="PASS">
          <params>
            <param index="0">
              <value>
                <![CDATA["Validate Add books api with body"]]>
              </value>
            </param>
            <param index="1">
              <value>
                <![CDATA["Validate Add book api End to End testing"]]>
              </value>
            </param>
          </params>
          <reporter-output>
          </reporter-output>
        </test-method> <!-- runScenario -->
        <test-method signature="runScenario(io.cucumber.testng.PickleWrapper,io.cucumber.testng.FeatureWrapper)[pri:0, instance:com.BDD.cucumber.Options.TestRunner@12b0404f]" started-at="2025-06-07T23:26:35 IST" name="runScenario" description="Runs Cucumber Scenarios" data-provider="scenarios" finished-at="2025-06-07T23:26:35 IST" duration-ms="495" status="PASS">
          <params>
            <param index="0">
              <value>
                <![CDATA["Validate get books api with id"]]>
              </value>
            </param>
            <param index="1">
              <value>
                <![CDATA["Validate Add book api End to End testing"]]>
              </value>
            </param>
          </params>
          <reporter-output>
          </reporter-output>
        </test-method> <!-- runScenario -->
        <test-method signature="runScenario(io.cucumber.testng.PickleWrapper,io.cucumber.testng.FeatureWrapper)[pri:0, instance:com.BDD.cucumber.Options.TestRunner@12b0404f]" started-at="2025-06-07T23:26:35 IST" name="runScenario" description="Runs Cucumber Scenarios" data-provider="scenarios" finished-at="2025-06-07T23:26:36 IST" duration-ms="1252" status="PASS">
          <params>
            <param index="0">
              <value>
                <![CDATA["Validate delete book by id"]]>
              </value>
            </param>
            <param index="1">
              <value>
                <![CDATA["Validate Add book api End to End testing"]]>
              </value>
            </param>
          </params>
          <reporter-output>
          </reporter-output>
        </test-method> <!-- runScenario -->
        <test-method is-config="true" signature="tearDownClass()[pri:0, instance:com.BDD.cucumber.Options.TestRunner@12b0404f]" started-at="2025-06-07T23:26:36 IST" name="tearDownClass" finished-at="2025-06-07T23:26:37 IST" duration-ms="171" status="PASS">
          <reporter-output>
          </reporter-output>
        </test-method> <!-- tearDownClass -->
      </class> <!-- com.BDD.cucumber.Options.TestRunner -->
    </test> <!-- Surefire test -->
  </suite> <!-- Surefire suite -->
</testng-results>
