<?xml version="1.0" encoding="UTF-8"?>
<testng-results ignored="0" total="4" passed="4" failed="0" skipped="0">
  <reporter-output>
  </reporter-output>
  <suite started-at="2025-06-07T13:33:00 IST" name="Surefire suite" finished-at="2025-06-07T13:33:14 IST" duration-ms="14030">
    <groups>
      <group name="cucumber">
        <method signature="AbstractTestNGCucumberTests.runScenario(io.cucumber.testng.PickleWrapper,io.cucumber.testng.FeatureWrapper)[pri:0, instance:com.BDD.cucumber.Options.TestRunner@12b0404f]" name="runScenario" class="io.cucumber.testng.AbstractTestNGCucumberTests"/>
      </group> <!-- cucumber -->
    </groups>
    <test started-at="2025-06-07T13:33:00 IST" name="Surefire test" finished-at="2025-06-07T13:33:14 IST" duration-ms="14030">
      <class name="com.BDD.cucumber.Options.TestRunner">
        <test-method is-config="true" signature="setUpClass(org.testng.ITestContext)[pri:0, instance:com.BDD.cucumber.Options.TestRunner@12b0404f]" started-at="2025-06-07T13:33:00 IST" name="setUpClass" finished-at="2025-06-07T13:33:00 IST" duration-ms="279" status="PASS">
          <params>
            <param index="0">
              <value>
                <![CDATA[org.testng.TestRunner@74eec640]]>
              </value>
            </param>
          </params>
          <reporter-output>
          </reporter-output>
        </test-method> <!-- setUpClass -->
        <test-method signature="runScenario(io.cucumber.testng.PickleWrapper,io.cucumber.testng.FeatureWrapper)[pri:0, instance:com.BDD.cucumber.Options.TestRunner@12b0404f]" started-at="2025-06-07T13:33:00 IST" name="runScenario" description="Runs Cucumber Scenarios" data-provider="scenarios" finished-at="2025-06-07T13:33:04 IST" duration-ms="3765" status="PASS">
          <params>
            <param index="0">
              <value>
                <![CDATA["Validate add place api with body"]]>
              </value>
            </param>
            <param index="1">
              <value>
                <![CDATA["Validate add feature APIs"]]>
              </value>
            </param>
          </params>
          <reporter-output>
          </reporter-output>
        </test-method> <!-- runScenario -->
        <test-method signature="runScenario(io.cucumber.testng.PickleWrapper,io.cucumber.testng.FeatureWrapper)[pri:0, instance:com.BDD.cucumber.Options.TestRunner@12b0404f]" started-at="2025-06-07T13:33:04 IST" name="runScenario" description="Runs Cucumber Scenarios" data-provider="scenarios" finished-at="2025-06-07T13:33:06 IST" duration-ms="1774" status="PASS">
          <params>
            <param index="0">
              <value>
                <![CDATA["Validate get place api request"]]>
              </value>
            </param>
            <param index="1">
              <value>
                <![CDATA["Validate add feature APIs"]]>
              </value>
            </param>
          </params>
          <reporter-output>
          </reporter-output>
        </test-method> <!-- runScenario -->
        <test-method signature="runScenario(io.cucumber.testng.PickleWrapper,io.cucumber.testng.FeatureWrapper)[pri:0, instance:com.BDD.cucumber.Options.TestRunner@12b0404f]" started-at="2025-06-07T13:33:06 IST" name="runScenario" description="Runs Cucumber Scenarios" data-provider="scenarios" finished-at="2025-06-07T13:33:10 IST" duration-ms="3907" status="PASS">
          <params>
            <param index="0">
              <value>
                <![CDATA["Validate update place api with body"]]>
              </value>
            </param>
            <param index="1">
              <value>
                <![CDATA["Validate add feature APIs"]]>
              </value>
            </param>
          </params>
          <reporter-output>
          </reporter-output>
        </test-method> <!-- runScenario -->
        <test-method signature="runScenario(io.cucumber.testng.PickleWrapper,io.cucumber.testng.FeatureWrapper)[pri:0, instance:com.BDD.cucumber.Options.TestRunner@12b0404f]" started-at="2025-06-07T13:33:10 IST" name="runScenario" description="Runs Cucumber Scenarios" data-provider="scenarios" finished-at="2025-06-07T13:33:14 IST" duration-ms="4067" status="PASS">
          <params>
            <param index="0">
              <value>
                <![CDATA["Validate delete place api"]]>
              </value>
            </param>
            <param index="1">
              <value>
                <![CDATA["Validate add feature APIs"]]>
              </value>
            </param>
          </params>
          <reporter-output>
          </reporter-output>
        </test-method> <!-- runScenario -->
        <test-method is-config="true" signature="tearDownClass()[pri:0, instance:com.BDD.cucumber.Options.TestRunner@12b0404f]" started-at="2025-06-07T13:33:14 IST" name="tearDownClass" finished-at="2025-06-07T13:33:14 IST" duration-ms="189" status="PASS">
          <reporter-output>
          </reporter-output>
        </test-method> <!-- tearDownClass -->
      </class> <!-- com.BDD.cucumber.Options.TestRunner -->
    </test> <!-- Surefire test -->
  </suite> <!-- Surefire suite -->
</testng-results>
